app/build/outputs/logs/manifest-merger-debug-report.txt
-- Merging decision tree log ---
manifest
ADDED from src/main/AndroidManifest.xml:2:1-27:12
	package
		ADDED from src/main/AndroidManifest.xml:3:2-29
		INJECTED from src/main/AndroidManifest.xml
		INJECTED from src/main/AndroidManifest.xml
	android:versionName
		INJECTED from src/main/AndroidManifest.xml
		INJECTED from src/main/AndroidManifest.xml
	xmlns:android
		ADDED from src/main/AndroidManifest.xml:4:2-60
	android:versionCode
		INJECTED from src/main/AndroidManifest.xml
		INJECTED from src/main/AndroidManifest.xml
uses-permission#android.permission.INTERNET
ADDED from src/main/AndroidManifest.xml:6:2-63
	android:name
		ADDED from src/main/AndroidManifest.xml:6:19-61
application
ADDED from src/main/AndroidManifest.xml:8:2-25:16
MERGED from [com.android.support:appcompat-v7:23.1.1] AndroidManifest.xml:22:5-20
MERGED from [com.android.support:support-v4:23.1.1] AndroidManifest.xml:22:5-20
MERGED from [com.android.support:design:23.1.1] AndroidManifest.xml:22:5-20
MERGED from [com.android.support:appcompat-v7:23.1.1] AndroidManifest.xml:22:5-20
MERGED from [com.android.support:support-v4:23.1.1] AndroidManifest.xml:22:5-20
MERGED from [com.android.support:support-v4:23.1.1] AndroidManifest.xml:22:5-20
MERGED from [com.android.support:support-v4:23.1.1] AndroidManifest.xml:22:5-20
	android:label
		ADDED from src/main/AndroidManifest.xml:12:3-35
	android:supportsRtl
		ADDED from src/main/AndroidManifest.xml:13:3-29
	android:allowBackup
		ADDED from src/main/AndroidManifest.xml:10:3-29
	android:icon
		ADDED from src/main/AndroidManifest.xml:11:3-37
	android:theme
		ADDED from src/main/AndroidManifest.xml:14:3-34
	android:name
		ADDED from src/main/AndroidManifest.xml:9:3-28
activity#com.asclav.people.activities.MainActivity
ADDED from src/main/AndroidManifest.xml:15:3-24:14
	android:label
		ADDED from src/main/AndroidManifest.xml:17:4-36
	android:theme
		ADDED from src/main/AndroidManifest.xml:18:4-47
	android:name
		ADDED from src/main/AndroidManifest.xml:16:4-43
intent-filter#android.intent.action.MAIN+android.intent.category.LAUNCHER
ADDED from src/main/AndroidManifest.xml:19:4-23:20
action#android.intent.action.MAIN
ADDED from src/main/AndroidManifest.xml:20:5-56
	android:name
		ADDED from src/main/AndroidManifest.xml:20:13-54
category#android.intent.category.LAUNCHER
ADDED from src/main/AndroidManifest.xml:22:5-64
	android:name
		ADDED from src/main/AndroidManifest.xml:22:15-62
uses-sdk
INJECTED from src/main/AndroidManifest.xml reason: use-sdk injection requested
MERGED from [com.android.support:appcompat-v7:23.1.1] AndroidManifest.xml:20:5-43
MERGED from [com.android.support:support-v4:23.1.1] AndroidManifest.xml:20:5-43
MERGED from [com.android.support:design:23.1.1] AndroidManifest.xml:20:5-43
MERGED from [com.android.support:appcompat-v7:23.1.1] AndroidManifest.xml:20:5-43
MERGED from [com.android.support:support-v4:23.1.1] AndroidManifest.xml:20:5-43
MERGED from [com.android.support:recyclerview-v7:23.1.1] AndroidManifest.xml:20:5-43
MERGED from [com.android.support:support-v4:23.1.1] AndroidManifest.xml:20:5-43
MERGED from [com.android.support:support-v4:23.1.1] AndroidManifest.xml:20:5-43
	android:targetSdkVersion
		INJECTED from src/main/AndroidManifest.xml
		INJECTED from src/main/AndroidManifest.xml
	android:minSdkVersion
		INJECTED from src/main/AndroidManifest.xml
		INJECTED from src/main/AndroidManifest.xml